2019-03-14 14:10:09.1583||Microsoft.AspNetCore.Hosting.Internal.WebHost|INFO|Request starting HTTP/1.1 GET http://localhost:43224/api/values   
2019-03-14 14:10:09.2443||Microsoft.AspNetCore.HttpsPolicy.HttpsRedirectionMiddleware|WARN|Failed to determine the https port for redirect. 
2019-03-14 14:10:09.2893||Microsoft.AspNetCore.Diagnostics.DeveloperExceptionPageMiddleware|ERROR|An unhandled exception has occurred while executing the request. Unable to resolve service for type 'Swashbuckle.AspNetCore.Swagger.ISwaggerProvider' while attempting to Invoke middleware 'Swashbuckle.AspNetCore.Swagger.SwaggerMiddleware'.
2019-03-14 14:10:09.3633||Microsoft.AspNetCore.Hosting.Internal.WebHost|INFO|Request finished in 210.2518ms 500 text/html; charset=utf-8 
2019-03-14 14:10:09.4563||Microsoft.AspNetCore.Hosting.Internal.WebHost|INFO|Request starting HTTP/1.1 GET http://localhost:43224/favicon.ico   
2019-03-14 14:10:09.4563||Microsoft.AspNetCore.Diagnostics.DeveloperExceptionPageMiddleware|ERROR|An unhandled exception has occurred while executing the request. Unable to resolve service for type 'Swashbuckle.AspNetCore.Swagger.ISwaggerProvider' while attempting to Invoke middleware 'Swashbuckle.AspNetCore.Swagger.SwaggerMiddleware'.
2019-03-14 14:10:09.4733||Microsoft.AspNetCore.Hosting.Internal.WebHost|INFO|Request finished in 11.0113ms 500 text/html; charset=utf-8 
2019-03-14 14:25:27.1755||Microsoft.AspNetCore.Hosting.Internal.WebHost|INFO|Request starting HTTP/1.1 GET http://localhost:43224/api/values   
2019-03-14 14:25:27.5665||Microsoft.AspNetCore.Mvc.Internal.ControllerActionInvoker|INFO|Route matched with {action = "Get", controller = "Values"}. Executing action CoreApi.Controllers.ValuesController.Get (CoreApi) 
2019-03-14 14:25:27.6335||Microsoft.AspNetCore.Mvc.Internal.ControllerActionInvoker|INFO|Executing action method CoreApi.Controllers.ValuesController.Get (CoreApi) - Validation state: Valid 
2019-03-14 14:25:27.6395||Microsoft.AspNetCore.Mvc.Internal.ControllerActionInvoker|INFO|Executed action method CoreApi.Controllers.ValuesController.Get (CoreApi), returned result Microsoft.AspNetCore.Mvc.ObjectResult in 0.3868ms. 
2019-03-14 14:25:27.6395||Microsoft.AspNetCore.Mvc.Infrastructure.ObjectResultExecutor|INFO|Executing ObjectResult, writing value of type 'System.String[]'. 
2019-03-14 14:25:27.7045||Microsoft.AspNetCore.Mvc.Internal.ControllerActionInvoker|INFO|Executed action CoreApi.Controllers.ValuesController.Get (CoreApi) in 129.9364ms 
2019-03-14 14:25:27.7185||Microsoft.AspNetCore.Hosting.Internal.WebHost|INFO|Request finished in 544.3001ms 200 application/json; charset=utf-8 
2019-03-14 14:25:27.7385||Microsoft.AspNetCore.Hosting.Internal.WebHost|INFO|Request starting HTTP/1.1 GET http://localhost:43224/favicon.ico   
2019-03-14 14:25:27.7505||Microsoft.AspNetCore.Hosting.Internal.WebHost|INFO|Request finished in 7.2405ms 404  
2019-03-14 14:26:11.6685||Microsoft.AspNetCore.Hosting.Internal.WebHost|INFO|Request starting HTTP/1.1 GET http://localhost:43224/swagger   
2019-03-14 14:26:11.6945||Microsoft.AspNetCore.Hosting.Internal.WebHost|INFO|Request finished in 21.7949ms 301  
2019-03-14 14:26:11.7155||Microsoft.AspNetCore.Hosting.Internal.WebHost|INFO|Request starting HTTP/1.1 GET http://localhost:43224/swagger/index.html   
2019-03-14 14:26:11.7545||Microsoft.AspNetCore.Hosting.Internal.WebHost|INFO|Request finished in 45.2923ms 200 text/html 
2019-03-14 14:26:11.7915||Microsoft.AspNetCore.Hosting.Internal.WebHost|INFO|Request starting HTTP/1.1 GET http://localhost:43224/swagger/swagger-ui.css   
2019-03-14 14:26:11.7915||Microsoft.AspNetCore.Hosting.Internal.WebHost|INFO|Request starting HTTP/1.1 GET http://localhost:43224/swagger/swagger-ui-bundle.js   
2019-03-14 14:26:11.7915||Microsoft.AspNetCore.Hosting.Internal.WebHost|INFO|Request starting HTTP/1.1 GET http://localhost:43224/swagger/swagger-ui-standalone-preset.js   
2019-03-14 14:26:11.8275||Microsoft.AspNetCore.StaticFiles.StaticFileMiddleware|INFO|Sending file. Request path: '/swagger-ui.css'. Physical path: 'N/A' 
2019-03-14 14:26:11.8425||Microsoft.AspNetCore.StaticFiles.StaticFileMiddleware|INFO|Sending file. Request path: '/swagger-ui-standalone-preset.js'. Physical path: 'N/A' 
2019-03-14 14:26:11.8525||Microsoft.AspNetCore.Hosting.Internal.WebHost|INFO|Request finished in 69.0598ms 200 text/css 
2019-03-14 14:26:11.8525||Microsoft.AspNetCore.Hosting.Internal.WebHost|INFO|Request finished in 53.0387ms 200 application/javascript 
2019-03-14 14:26:11.9005||Microsoft.AspNetCore.StaticFiles.StaticFileMiddleware|INFO|Sending file. Request path: '/swagger-ui-bundle.js'. Physical path: 'N/A' 
2019-03-14 14:26:11.9005||Microsoft.AspNetCore.Hosting.Internal.WebHost|INFO|Request finished in 109.7813ms 200 application/javascript 
2019-03-14 14:26:12.1265||Microsoft.AspNetCore.Hosting.Internal.WebHost|INFO|Request starting HTTP/1.1 GET http://localhost:43224/swagger/v1/swagger.json   
2019-03-14 14:26:12.1605||Microsoft.AspNetCore.Hosting.Internal.WebHost|INFO|Request starting HTTP/1.1 GET http://localhost:43224/swagger/favicon-32x32.png   
2019-03-14 14:26:12.1605||Microsoft.AspNetCore.StaticFiles.StaticFileMiddleware|INFO|Sending file. Request path: '/favicon-32x32.png'. Physical path: 'N/A' 
2019-03-14 14:26:12.1785||Microsoft.AspNetCore.Hosting.Internal.WebHost|INFO|Request finished in 9.6528ms 200 image/png 
2019-03-14 14:26:12.1785||Microsoft.AspNetCore.Hosting.Internal.WebHost|INFO|Request starting HTTP/1.1 GET http://localhost:43224/swagger/favicon-16x16.png   
2019-03-14 14:26:12.2055||Microsoft.AspNetCore.StaticFiles.StaticFileMiddleware|INFO|Sending file. Request path: '/favicon-16x16.png'. Physical path: 'N/A' 
2019-03-14 14:26:12.2105||Microsoft.AspNetCore.Hosting.Internal.WebHost|INFO|Request finished in 33.624ms 200 image/png 
2019-03-14 14:26:12.3185||Microsoft.AspNetCore.Hosting.Internal.WebHost|INFO|Request finished in 191.1103ms 200 application/json;charset=utf-8 
2019-03-14 14:26:32.7895||Microsoft.AspNetCore.Hosting.Internal.WebHost|INFO|Request starting HTTP/1.1 GET http://localhost:43224/swagger/index   
2019-03-14 14:26:33.0615||Microsoft.AspNetCore.Hosting.Internal.WebHost|INFO|Request finished in 277.3455ms 404  
2019-03-14 14:26:54.5335||Microsoft.AspNetCore.Hosting.Internal.WebHost|INFO|Request starting HTTP/1.1 GET http://localhost:43224/swagger/   
2019-03-14 14:26:54.6825||Microsoft.AspNetCore.Hosting.Internal.WebHost|INFO|Request finished in 152.874ms 301  
2019-03-14 14:26:54.6865||Microsoft.AspNetCore.Hosting.Internal.WebHost|INFO|Request starting HTTP/1.1 GET http://localhost:43224/swagger/index.html   
2019-03-14 14:26:54.7545||Microsoft.AspNetCore.Hosting.Internal.WebHost|INFO|Request finished in 68.2986ms 200 text/html 
2019-03-14 14:26:55.0625||Microsoft.AspNetCore.Hosting.Internal.WebHost|INFO|Request starting HTTP/1.1 GET http://localhost:43224/swagger/v1/swagger.json   
2019-03-14 14:26:55.3065||Microsoft.AspNetCore.Hosting.Internal.WebHost|INFO|Request finished in 244.867ms 200 application/json;charset=utf-8 
2019-03-14 14:31:22.9096||Microsoft.AspNetCore.Hosting.Internal.WebHost|INFO|Request starting HTTP/1.1 GET http://localhost:43224/api/Values   
2019-03-14 14:31:23.0046||Microsoft.AspNetCore.Mvc.Internal.ControllerActionInvoker|INFO|Route matched with {action = "Get", controller = "Values"}. Executing action CoreApi.Controllers.ValuesController.Get (CoreApi) 
2019-03-14 14:31:23.0596||Microsoft.AspNetCore.Mvc.Internal.ControllerActionInvoker|INFO|Executing action method CoreApi.Controllers.ValuesController.Get (CoreApi) - Validation state: Valid 
2019-03-14 14:31:23.0596||Microsoft.AspNetCore.Mvc.Internal.ControllerActionInvoker|INFO|Executed action method CoreApi.Controllers.ValuesController.Get (CoreApi), returned result Microsoft.AspNetCore.Mvc.ObjectResult in 0.3971ms. 
2019-03-14 14:31:23.0766||Microsoft.AspNetCore.Mvc.Infrastructure.ObjectResultExecutor|INFO|Executing ObjectResult, writing value of type 'System.String[]'. 
2019-03-14 14:31:23.0856||Microsoft.AspNetCore.Mvc.Internal.ControllerActionInvoker|INFO|Executed action CoreApi.Controllers.ValuesController.Get (CoreApi) in 74.4516ms 
2019-03-14 14:31:23.0856||Microsoft.AspNetCore.Hosting.Internal.WebHost|INFO|Request finished in 178.9352ms 200 application/json; charset=utf-8 
2019-03-14 14:39:39.7126||Microsoft.AspNetCore.Hosting.Internal.WebHost|INFO|Request starting HTTP/1.1 GET http://localhost:43224/swagger/index.html   
2019-03-14 14:39:39.9356||Microsoft.AspNetCore.Hosting.Internal.WebHost|INFO|Request finished in 228.9617ms 200 text/html 
2019-03-14 14:39:40.2216||Microsoft.AspNetCore.Hosting.Internal.WebHost|INFO|Request starting HTTP/1.1 GET http://localhost:43224/swagger/v1/swagger.json   
2019-03-14 14:39:40.4876||Microsoft.AspNetCore.Hosting.Internal.WebHost|INFO|Request finished in 265.3901ms 200 application/json;charset=utf-8 
2019-03-14 14:40:01.1456||Microsoft.AspNetCore.Hosting.Internal.WebHost|INFO|Request starting HTTP/1.1 GET http://localhost:43224/api/CityInfo?pageIndex=1&pageSize=10   
2019-03-14 14:40:01.2396||Microsoft.AspNetCore.Mvc.Internal.ControllerActionInvoker|INFO|Route matched with {action = "Get", controller = "CityInfo"}. Executing action CoreApi.Controllers.CityInfoController.Get (CoreApi) 
2019-03-14 14:40:01.3956||Microsoft.AspNetCore.Mvc.Internal.ControllerActionInvoker|INFO|Executing action method CoreApi.Controllers.CityInfoController.Get (CoreApi) with arguments (1, 10) - Validation state: Valid 
2019-03-14 14:40:01.4036||CoreApi.Controllers.CityInfoController|INFO|调用接口开始~~~~~~~~~~ 
2019-03-14 14:40:01.8576||CoreApi.Controllers.CityInfoController|INFO|调用接口结束，返回参数：{"returnCode":1,"returnMsg":"执行成功","Data":{"PageIndex":1,"PageSize":10,"Count":349,"Data":[{"CityID":1,"CityName":"北京市","ProID":1,"CitySort":null,"car_short_name":"北京"},{"CityID":2,"CityName":"天津市","ProID":2,"CitySort":null,"car_short_name":"天津"},{"CityID":3,"CityName":"石家庄市","ProID":3,"CitySort":null,"car_short_name":"石家庄"},{"CityID":4,"CityName":"唐山市","ProID":3,"CitySort":null,"car_short_name":"唐山"},{"CityID":5,"CityName":"秦皇岛市","ProID":3,"CitySort":null,"car_short_name":"秦皇岛"},{"CityID":6,"CityName":"邯郸市","ProID":3,"CitySort":null,"car_short_name":"邯郸"},{"CityID":7,"CityName":"邢台市","ProID":3,"CitySort":null,"car_short_name":"邢台"},{"CityID":8,"CityName":"保定市","ProID":3,"CitySort":null,"car_short_name":"保定"},{"CityID":9,"CityName":"张家口市","ProID":3,"CitySort":null,"car_short_name":"张家口"},{"CityID":10,"CityName":"承德市","ProID":3,"CitySort":null,"car_short_name":"承德"}]}} 
2019-03-14 14:40:01.8666||Microsoft.AspNetCore.Mvc.Internal.ControllerActionInvoker|INFO|Executed action method CoreApi.Controllers.CityInfoController.Get (CoreApi), returned result Microsoft.AspNetCore.Mvc.JsonResult in 462.2881ms. 
2019-03-14 14:40:01.8666||Microsoft.AspNetCore.Mvc.Formatters.Json.Internal.JsonResultExecutor|INFO|Executing JsonResult, writing value of type 'Core.Model.Base.ResponseModel'. 
2019-03-14 14:40:01.8896||Microsoft.AspNetCore.Mvc.Internal.ControllerActionInvoker|INFO|Executed action CoreApi.Controllers.CityInfoController.Get (CoreApi) in 633.5157ms 
2019-03-14 14:40:01.8896||Microsoft.AspNetCore.Hosting.Internal.WebHost|INFO|Request finished in 759.0763ms 200 application/json; charset=utf-8 
2019-03-14 14:40:18.9726||Microsoft.AspNetCore.Hosting.Internal.WebHost|INFO|Request starting HTTP/1.1 GET http://localhost:43224/api/CityInfo/3   
2019-03-14 14:40:18.9916||Microsoft.AspNetCore.Mvc.Internal.ControllerActionInvoker|INFO|Route matched with {action = "GetCityListByProID", controller = "CityInfo"}. Executing action CoreApi.Controllers.CityInfoController.GetCityListByProID (CoreApi) 
2019-03-14 14:40:19.0346||Microsoft.AspNetCore.Mvc.Internal.ControllerActionInvoker|INFO|Executing action method CoreApi.Controllers.CityInfoController.GetCityListByProID (CoreApi) with arguments (3) - Validation state: Valid 
2019-03-14 14:40:19.0346||CoreApi.Controllers.CityInfoController|INFO|调用接口开始~~~~~~~~~~ 
2019-03-14 14:40:19.0896||CoreApi.Controllers.CityInfoController|INFO|调用接口结束，返回参数：{"returnCode":1,"returnMsg":"执行成功","Data":["石家庄市","唐山市","秦皇岛市","邯郸市","邢台市","保定市","张家口市","承德市","沧州市","廊坊市","衡水市"]} 
2019-03-14 14:40:19.0896||Microsoft.AspNetCore.Mvc.Internal.ControllerActionInvoker|INFO|Executed action method CoreApi.Controllers.CityInfoController.GetCityListByProID (CoreApi), returned result Microsoft.AspNetCore.Mvc.JsonResult in 54.7536ms. 
2019-03-14 14:40:19.0896||Microsoft.AspNetCore.Mvc.Formatters.Json.Internal.JsonResultExecutor|INFO|Executing JsonResult, writing value of type 'Core.Model.Base.ResponseModel'. 
2019-03-14 14:40:19.0896||Microsoft.AspNetCore.Mvc.Internal.ControllerActionInvoker|INFO|Executed action CoreApi.Controllers.CityInfoController.GetCityListByProID (CoreApi) in 105.8975ms 
2019-03-14 14:40:19.1056||Microsoft.AspNetCore.Hosting.Internal.WebHost|INFO|Request finished in 135.5518ms 200 application/json; charset=utf-8 
2019-03-14 14:41:48.4026||Microsoft.AspNetCore.Hosting.Internal.WebHost|INFO|Request starting HTTP/1.1 GET http://localhost:43224/swagger/index.html   
2019-03-14 14:41:48.4026||Microsoft.AspNetCore.Hosting.Internal.WebHost|INFO|Request finished in 10.6501ms 200 text/html 
2019-03-14 14:41:48.6506||Microsoft.AspNetCore.Hosting.Internal.WebHost|INFO|Request starting HTTP/1.1 GET http://localhost:43224/swagger/v1/swagger.json   
2019-03-14 14:41:48.6686||Microsoft.AspNetCore.Hosting.Internal.WebHost|INFO|Request finished in 9.382ms 200 application/json;charset=utf-8 
2019-03-14 14:41:48.6686||Microsoft.AspNetCore.Hosting.Internal.WebHost|INFO|Request starting HTTP/1.1 GET http://localhost:43224/swagger/favicon-32x32.png   
2019-03-14 14:41:48.6926||Microsoft.AspNetCore.StaticFiles.StaticFileMiddleware|INFO|Sending file. Request path: '/favicon-32x32.png'. Physical path: 'N/A' 
2019-03-14 14:41:48.7006||Microsoft.AspNetCore.Hosting.Internal.WebHost|INFO|Request finished in 25.4606ms 200 image/png 
2019-03-14 14:41:53.4126||Microsoft.AspNetCore.Hosting.Internal.WebHost|INFO|Request starting HTTP/1.1 POST http://localhost:43224/api/Entity?entityName=tb_business  0 
2019-03-14 14:41:53.4126||Microsoft.AspNetCore.Mvc.Internal.ControllerActionInvoker|INFO|Route matched with {action = "CreateEntity", controller = "Entity"}. Executing action CoreWebApi.Controllers.EntityController.CreateEntity (CoreApi) 
2019-03-14 14:41:53.4426||Microsoft.AspNetCore.Mvc.Internal.ControllerActionInvoker|INFO|Executing action method CoreWebApi.Controllers.EntityController.CreateEntity (CoreApi) with arguments (tb_business) - Validation state: Valid 
2019-03-14 14:42:01.5526||Microsoft.AspNetCore.Mvc.Internal.ControllerActionInvoker|INFO|Executed action method CoreWebApi.Controllers.EntityController.CreateEntity (CoreApi), returned result Microsoft.AspNetCore.Mvc.JsonResult in 8103.6376ms. 
2019-03-14 14:42:01.5526||Microsoft.AspNetCore.Mvc.Formatters.Json.Internal.JsonResultExecutor|INFO|Executing JsonResult, writing value of type 'System.Boolean'. 
2019-03-14 14:42:01.5526||Microsoft.AspNetCore.Mvc.Internal.ControllerActionInvoker|INFO|Executed action CoreWebApi.Controllers.EntityController.CreateEntity (CoreApi) in 8136.4965ms 
2019-03-14 14:42:01.5696||Microsoft.AspNetCore.Hosting.Internal.WebHost|INFO|Request finished in 8155.0506ms 200 application/json; charset=utf-8 
2019-03-14 14:42:37.2796||Microsoft.AspNetCore.Hosting.Internal.WebHost|INFO|Request starting HTTP/1.1 POST http://localhost:43224/api/Entity?entityName=tb_business  0 
2019-03-14 14:42:37.2796||Microsoft.AspNetCore.Mvc.Internal.ControllerActionInvoker|INFO|Route matched with {action = "CreateEntity", controller = "Entity"}. Executing action CoreWebApi.Controllers.EntityController.CreateEntity (CoreApi) 
2019-03-14 14:42:37.3456||Microsoft.AspNetCore.Mvc.Internal.ControllerActionInvoker|INFO|Executing action method CoreWebApi.Controllers.EntityController.CreateEntity (CoreApi) with arguments (tb_business) - Validation state: Valid 
2019-03-14 14:45:56.1129||Microsoft.AspNetCore.Hosting.Internal.WebHost|INFO|Request starting HTTP/1.1 GET http://localhost:43224/swagger/index.html   
2019-03-14 14:45:56.3119||Microsoft.AspNetCore.Hosting.Internal.WebHost|INFO|Request finished in 203.9345ms 200 text/html 
2019-03-14 14:45:56.5569||Microsoft.AspNetCore.Hosting.Internal.WebHost|INFO|Request starting HTTP/1.1 GET http://localhost:43224/swagger/v1/swagger.json   
2019-03-14 14:45:56.8499||Microsoft.AspNetCore.Hosting.Internal.WebHost|INFO|Request finished in 297.3203ms 200 application/json;charset=utf-8 
2019-03-14 14:46:07.2189||Microsoft.AspNetCore.Hosting.Internal.WebHost|INFO|Request starting HTTP/1.1 POST http://localhost:43224/api/Entity?entityName=tb_business  0 
2019-03-14 14:46:07.2959||Microsoft.AspNetCore.Mvc.Internal.ControllerActionInvoker|INFO|Route matched with {action = "CreateEntity", controller = "Entity"}. Executing action CoreWebApi.Controllers.EntityController.CreateEntity (CoreApi) 
2019-03-14 14:46:07.4269||Microsoft.AspNetCore.Mvc.Internal.ControllerActionInvoker|INFO|Executing action method CoreWebApi.Controllers.EntityController.CreateEntity (CoreApi) with arguments (tb_business) - Validation state: Valid 
2019-03-14 14:51:48.9309||Microsoft.AspNetCore.Hosting.Internal.WebHost|INFO|Request starting HTTP/1.1 GET http://localhost:43224/swagger/index.html   
2019-03-14 14:51:49.1419||Microsoft.AspNetCore.Hosting.Internal.WebHost|INFO|Request finished in 211.242ms 200 text/html 
2019-03-14 14:51:49.3999||Microsoft.AspNetCore.Hosting.Internal.WebHost|INFO|Request starting HTTP/1.1 GET http://localhost:43224/swagger/v1/swagger.json   
2019-03-14 14:51:49.6589||Microsoft.AspNetCore.Hosting.Internal.WebHost|INFO|Request finished in 262.016ms 200 application/json;charset=utf-8 
2019-03-14 14:52:32.4779||Microsoft.AspNetCore.Hosting.Internal.WebHost|INFO|Request starting HTTP/1.1 POST http://localhost:43224/api/Entity?entityName=tb_business  0 
2019-03-14 14:52:32.5599||Microsoft.AspNetCore.Mvc.Internal.ControllerActionInvoker|INFO|Route matched with {action = "CreateEntity", controller = "Entity"}. Executing action CoreWebApi.Controllers.EntityController.CreateEntity (CoreApi) 
2019-03-14 14:52:32.7029||Microsoft.AspNetCore.Mvc.Internal.ControllerActionInvoker|INFO|Executing action method CoreWebApi.Controllers.EntityController.CreateEntity (CoreApi) with arguments (tb_business) - Validation state: Valid 
2019-03-14 14:57:52.1079||Microsoft.AspNetCore.Hosting.Internal.WebHost|INFO|Request starting HTTP/1.1 GET http://localhost:43224/swagger/index.html   
2019-03-14 14:57:52.3099||Microsoft.AspNetCore.Hosting.Internal.WebHost|INFO|Request finished in 208.5474ms 200 text/html 
2019-03-14 14:57:52.5379||Microsoft.AspNetCore.Hosting.Internal.WebHost|INFO|Request starting HTTP/1.1 GET http://localhost:43224/swagger/v1/swagger.json   
2019-03-14 14:57:52.7969||Microsoft.AspNetCore.Hosting.Internal.WebHost|INFO|Request finished in 259.595ms 200 application/json;charset=utf-8 
2019-03-14 14:58:04.4069||Microsoft.AspNetCore.Hosting.Internal.WebHost|INFO|Request starting HTTP/1.1 POST http://localhost:43224/api/Entity?entityName=tb_business  0 
2019-03-14 14:58:04.4829||Microsoft.AspNetCore.Mvc.Internal.ControllerActionInvoker|INFO|Route matched with {action = "CreateEntity", controller = "Entity"}. Executing action CoreWebApi.Controllers.EntityController.CreateEntity (CoreApi) 
2019-03-14 14:58:04.6249||Microsoft.AspNetCore.Mvc.Internal.ControllerActionInvoker|INFO|Executing action method CoreWebApi.Controllers.EntityController.CreateEntity (CoreApi) with arguments (tb_business) - Validation state: Valid 
2019-03-14 14:59:31.5369||Microsoft.AspNetCore.Mvc.Internal.ControllerActionInvoker|INFO|Executed action method CoreWebApi.Controllers.EntityController.CreateEntity (CoreApi), returned result Microsoft.AspNetCore.Mvc.JsonResult in 86901.1626ms. 
2019-03-14 14:59:31.5549||Microsoft.AspNetCore.Mvc.Formatters.Json.Internal.JsonResultExecutor|INFO|Executing JsonResult, writing value of type 'System.Boolean'. 
2019-03-14 14:59:31.5719||Microsoft.AspNetCore.Mvc.Internal.ControllerActionInvoker|INFO|Executed action CoreWebApi.Controllers.EntityController.CreateEntity (CoreApi) in 87076.8944ms 
2019-03-14 14:59:31.5719||Microsoft.AspNetCore.Hosting.Internal.WebHost|INFO|Request finished in 87167.082ms 200 application/json; charset=utf-8 
2019-03-14 14:59:34.0649||Microsoft.AspNetCore.Hosting.Internal.WebHost|INFO|Request starting HTTP/1.1 POST http://localhost:43224/api/Entity?entityName=tb_business  0 
2019-03-14 14:59:34.0649||Microsoft.AspNetCore.Mvc.Internal.ControllerActionInvoker|INFO|Route matched with {action = "CreateEntity", controller = "Entity"}. Executing action CoreWebApi.Controllers.EntityController.CreateEntity (CoreApi) 
2019-03-14 14:59:34.0959||Microsoft.AspNetCore.Mvc.Internal.ControllerActionInvoker|INFO|Executing action method CoreWebApi.Controllers.EntityController.CreateEntity (CoreApi) with arguments (tb_business) - Validation state: Valid 
2019-03-14 15:04:04.4554||Microsoft.AspNetCore.Hosting.Internal.WebHost|INFO|Request starting HTTP/1.1 GET http://localhost:43224/swagger/index.html   
2019-03-14 15:04:04.6654||Microsoft.AspNetCore.Hosting.Internal.WebHost|INFO|Request finished in 216.6415ms 200 text/html 
2019-03-14 15:04:04.8954||Microsoft.AspNetCore.Hosting.Internal.WebHost|INFO|Request starting HTTP/1.1 GET http://localhost:43224/swagger/v1/swagger.json   
2019-03-14 15:04:05.1544||Microsoft.AspNetCore.Hosting.Internal.WebHost|INFO|Request finished in 260.6155ms 200 application/json;charset=utf-8 
2019-03-14 15:04:08.6804||Microsoft.AspNetCore.Hosting.Internal.WebHost|INFO|Request starting HTTP/1.1 POST http://localhost:43224/api/Entity?entityName=tb_business  0 
2019-03-14 15:04:08.7594||Microsoft.AspNetCore.Mvc.Internal.ControllerActionInvoker|INFO|Route matched with {action = "CreateEntity", controller = "Entity"}. Executing action CoreWebApi.Controllers.EntityController.CreateEntity (CoreApi) 
2019-03-14 15:04:08.8994||Microsoft.AspNetCore.Mvc.Internal.ControllerActionInvoker|INFO|Executing action method CoreWebApi.Controllers.EntityController.CreateEntity (CoreApi) with arguments (tb_business) - Validation state: Valid 
2019-03-14 15:14:28.6994||Microsoft.AspNetCore.Hosting.Internal.WebHost|INFO|Request starting HTTP/1.1 GET http://localhost:43224/swagger/index.html   
2019-03-14 15:14:28.9084||Microsoft.AspNetCore.Hosting.Internal.WebHost|INFO|Request finished in 215.8986ms 200 text/html 
2019-03-14 15:14:29.1264||Microsoft.AspNetCore.Hosting.Internal.WebHost|INFO|Request starting HTTP/1.1 GET http://localhost:43224/swagger/v1/swagger.json   
2019-03-14 15:14:29.4754||Microsoft.AspNetCore.Hosting.Internal.WebHost|INFO|Request finished in 281.1411ms 200 application/json;charset=utf-8 
2019-03-14 15:14:54.6224||Microsoft.AspNetCore.Hosting.Internal.WebHost|INFO|Request starting HTTP/1.1 POST http://localhost:43224/api/Entity?entityName=tb_business  0 
2019-03-14 15:14:54.7184||Microsoft.AspNetCore.Mvc.Internal.ControllerActionInvoker|INFO|Route matched with {action = "CreateEntity", controller = "Entity"}. Executing action CoreWebApi.Controllers.EntityController.CreateEntity (CoreApi) 
2019-03-14 15:14:54.8634||Microsoft.AspNetCore.Mvc.Internal.ControllerActionInvoker|INFO|Executing action method CoreWebApi.Controllers.EntityController.CreateEntity (CoreApi) with arguments (tb_business) - Validation state: Valid 
2019-03-14 15:15:52.9944||Microsoft.AspNetCore.Hosting.Internal.WebHost|INFO|Request starting HTTP/1.1 GET http://localhost:43224/swagger/index.html   
2019-03-14 15:15:53.2064||Microsoft.AspNetCore.Hosting.Internal.WebHost|INFO|Request finished in 219.6178ms 200 text/html 
2019-03-14 15:15:53.4204||Microsoft.AspNetCore.Hosting.Internal.WebHost|INFO|Request starting HTTP/1.1 GET http://localhost:43224/swagger/v1/swagger.json   
2019-03-14 15:15:53.6324||Microsoft.AspNetCore.Hosting.Internal.WebHost|INFO|Request finished in 212.4803ms 200 application/json;charset=utf-8 
2019-03-14 15:15:59.3104||Microsoft.AspNetCore.Hosting.Internal.WebHost|INFO|Request starting HTTP/1.1 POST http://localhost:43224/api/Entity?entityName=tb_business  0 
2019-03-14 15:15:59.4064||Microsoft.AspNetCore.Mvc.Internal.ControllerActionInvoker|INFO|Route matched with {action = "CreateEntity", controller = "Entity"}. Executing action CoreWebApi.Controllers.EntityController.CreateEntity (CoreApi) 
2019-03-14 15:15:59.5424||Microsoft.AspNetCore.Mvc.Internal.ControllerActionInvoker|INFO|Executing action method CoreWebApi.Controllers.EntityController.CreateEntity (CoreApi) with arguments (tb_business) - Validation state: Valid 
2019-03-14 15:16:25.4694||Microsoft.AspNetCore.Mvc.Internal.ControllerActionInvoker|INFO|Executed action method CoreWebApi.Controllers.EntityController.CreateEntity (CoreApi), returned result Microsoft.AspNetCore.Mvc.JsonResult in 25917.9251ms. 
2019-03-14 15:16:25.4894||Microsoft.AspNetCore.Mvc.Formatters.Json.Internal.JsonResultExecutor|INFO|Executing JsonResult, writing value of type 'System.Boolean'. 
2019-03-14 15:16:25.4894||Microsoft.AspNetCore.Mvc.Internal.ControllerActionInvoker|INFO|Executed action CoreWebApi.Controllers.EntityController.CreateEntity (CoreApi) in 26083.7317ms 
2019-03-14 15:16:25.5184||Microsoft.AspNetCore.Hosting.Internal.WebHost|INFO|Request finished in 26207.5395ms 200 application/json; charset=utf-8 
2019-03-14 15:21:16.8872||Microsoft.AspNetCore.Hosting.Internal.WebHost|INFO|Request starting HTTP/1.1 POST http://localhost:43224/api/Entity?entityName=tb_business  0 
2019-03-14 15:21:16.9042||Microsoft.AspNetCore.Mvc.Internal.ControllerActionInvoker|INFO|Route matched with {action = "CreateEntity", controller = "Entity"}. Executing action CoreWebApi.Controllers.EntityController.CreateEntity (CoreApi) 
2019-03-14 15:21:16.9412||Microsoft.AspNetCore.Mvc.Internal.ControllerActionInvoker|INFO|Executing action method CoreWebApi.Controllers.EntityController.CreateEntity (CoreApi) with arguments (tb_business) - Validation state: Valid 
2019-03-14 15:21:21.1352||Microsoft.AspNetCore.Mvc.Internal.ControllerActionInvoker|INFO|Executed action method CoreWebApi.Controllers.EntityController.CreateEntity (CoreApi), returned result Microsoft.AspNetCore.Mvc.JsonResult in 4186.9882ms. 
2019-03-14 15:21:21.1352||Microsoft.AspNetCore.Mvc.Formatters.Json.Internal.JsonResultExecutor|INFO|Executing JsonResult, writing value of type 'System.Boolean'. 
2019-03-14 15:21:21.1532||Microsoft.AspNetCore.Mvc.Internal.ControllerActionInvoker|INFO|Executed action CoreWebApi.Controllers.EntityController.CreateEntity (CoreApi) in 4242.2147ms 
2019-03-14 15:21:21.1532||Microsoft.AspNetCore.Hosting.Internal.WebHost|INFO|Request finished in 4277.0542ms 200 application/json; charset=utf-8 
